[18:11:20] [main/INFO] (FabricLoader/GameProvider) Loading Minecraft 1.19.2 with Fabric Loader 0.15.3
[18:11:20] [main/INFO] (FabricLoader) Loading 50 mods:
	- fabric-api 0.77.0+1.19.2
	- fabric-api-base 0.4.15+8f4e8eb390
	- fabric-api-lookup-api-v1 1.6.14+93d8cb8290
	- fabric-biome-api-v1 9.1.1+16f1e31390
	- fabric-block-api-v1 1.0.2+e415d50e90
	- fabric-blockrenderlayer-v1 1.1.25+cafc6e8e90
	- fabric-client-tags-api-v1 1.0.5+b35fea8390
	- fabric-command-api-v2 2.2.1+413cbbc790
	- fabric-content-registries-v0 3.5.2+7c6cd14d90
	- fabric-convention-tags-v1 1.3.0+4bc6e26290
	- fabric-crash-report-info-v1 0.2.8+aeb40ebe90
	- fabric-data-generation-api-v1 5.3.9+413cbbc790
	- fabric-dimensions-v1 2.1.35+0d0f210290
	- fabric-entity-events-v1 1.5.4+9244241690
	- fabric-events-interaction-v0 0.4.34+562bff6e90
	- fabric-game-rule-api-v1 1.0.24+b6b6abb490
	- fabric-gametest-api-v1 1.1.8+4d0d570390
	- fabric-item-api-v1 1.6.6+b7d1888890
	- fabric-item-groups-v0 0.3.39+9244241690
	- fabric-key-binding-api-v1 1.0.25+5c4fce2890
	- fabric-lifecycle-events-v1 2.2.4+1b46dc7890
	- fabric-loot-api-v2 1.1.13+83a8659290
	- fabric-message-api-v1 5.0.7+93d8cb8290
	- fabric-mining-level-api-v1 2.1.24+33fbc73890
	- fabric-models-v0 0.3.21+c6af733c90
	- fabric-networking-api-v1 1.2.12+def3f86d90
	- fabric-object-builder-api-v1 4.2.2+d8ef690890
	- fabric-particles-v1 1.1.0+ee641e7390
	- fabric-recipe-api-v1 1.0.2+413cbbc790
	- fabric-registry-sync-v0 0.9.33+9244241690
	- fabric-renderer-api-v1 1.2.1+1adbf27790
	- fabric-renderer-indigo 0.8.0+1adbf27790
	- fabric-rendering-data-attachment-v1 0.3.19+6e0787e690
	- fabric-rendering-fluids-v1 3.0.11+4d0d570390
	- fabric-rendering-v1 1.13.0+526f2c6790
	- fabric-resource-conditions-api-v1 2.1.2+aae9039d90
	- fabric-resource-loader-v0 0.8.4+edbdcddb90
	- fabric-screen-api-v1 1.0.32+4d0d570390
	- fabric-screen-handler-api-v1 1.3.8+1cc24b1b90
	- fabric-sound-api-v1 1.0.2+c4f28df590
	- fabric-textures-v0 1.0.24+aeb40ebe90
	- fabric-transfer-api-v1 2.1.6+413cbbc790
	- fabric-transitive-access-wideners-v1 1.3.3+08b73de490
	- fabricloader 0.15.3
	- java 21
	- loginmessage 1.19.2-1.0.0
	- minecraft 1.19.2
	- mixinextras 0.3.2
	- modmenu 4.2.0-beta.2
	- yet-another-config-lib 2.2.0-for-1.19.2
[18:11:21] [main/INFO] (FabricLoader/Mixin) SpongePowered MIXIN Subsystem Version=0.8.5 Source=file:/C:/Users/Scrob/.gradle/caches/modules-2/files-2.1/net.fabricmc/sponge-mixin/0.12.5+mixin.0.8.5/8d31fb97c3e0cd7c8dad3441851c523bcfae6d8e/sponge-mixin-0.12.5+mixin.0.8.5.jar Service=Knot/Fabric Env=CLIENT
[18:11:21] [main/INFO] (FabricLoader/Mixin) Loaded Fabric development mappings for mixin remapper!
[18:11:21] [main/INFO] (FabricLoader/Mixin) Compatibility level set to JAVA_16
[18:11:21] [main/INFO] (FabricLoader/Mixin) Compatibility level set to JAVA_17
[18:11:22] [main/WARN] (FabricLoader/Mixin) Error loading class: org/jetbrains/annotations/ApiStatus$Internal (java.lang.ClassNotFoundException: org/jetbrains/annotations/ApiStatus$Internal)
[18:11:22] [main/INFO] (FabricLoader/MixinExtras|Service) Initializing MixinExtras via com.llamalad7.mixinextras.service.MixinExtrasServiceImpl(version=0.3.2).
[18:11:28] [main/INFO] (Minecraft) Building optimized datafixer
[18:11:33] [Render thread/INFO] (Minecraft) [STDERR]: [LWJGL] [ThreadLocalUtil] Unsupported JNI version detected, this may result in a crash. Please inform LWJGL developers.
[18:11:33] [Render thread/INFO] (Minecraft) Environment: authHost='https://authserver.mojang.com', accountsHost='https://api.mojang.com', sessionHost='https://sessionserver.mojang.com', servicesHost='https://api.minecraftservices.com', name='PROD'
[18:11:34] [Render thread/ERROR] (Minecraft) Failed to verify authentication
com.mojang.authlib.exceptions.InvalidCredentialsException: Status: 401
	at com.mojang.authlib.exceptions.MinecraftClientHttpException.toAuthenticationException(MinecraftClientHttpException.java:56) ~[authlib-3.11.49.jar:?]
	at com.mojang.authlib.yggdrasil.YggdrasilUserApiService.fetchProperties(YggdrasilUserApiService.java:155) ~[authlib-3.11.49.jar:?]
	at com.mojang.authlib.yggdrasil.YggdrasilUserApiService.<init>(YggdrasilUserApiService.java:55) ~[authlib-3.11.49.jar:?]
	at com.mojang.authlib.yggdrasil.YggdrasilAuthenticationService.createUserApiService(YggdrasilAuthenticationService.java:161) ~[authlib-3.11.49.jar:?]
	at net.minecraft.client.MinecraftClient.createUserApiService(MinecraftClient.java:711) [minecraft-clientOnly-5c5ae3f4d8-1.19.2-net.fabricmc.yarn.1_19_2.1.19.2+build.28-v2.jar:?]
	at net.minecraft.client.MinecraftClient.<init>(MinecraftClient.java:431) [minecraft-clientOnly-5c5ae3f4d8-1.19.2-net.fabricmc.yarn.1_19_2.1.19.2+build.28-v2.jar:?]
	at net.minecraft.client.main.Main.main(Main.java:205) [minecraft-clientOnly-5c5ae3f4d8-1.19.2-net.fabricmc.yarn.1_19_2.1.19.2+build.28-v2.jar:?]
	at net.minecraft.client.main.Main.main(Main.java:51) [minecraft-clientOnly-5c5ae3f4d8-1.19.2-net.fabricmc.yarn.1_19_2.1.19.2+build.28-v2.jar:?]
	at net.fabricmc.loader.impl.game.minecraft.MinecraftGameProvider.launch(MinecraftGameProvider.java:470) [fabric-loader-0.15.3.jar:?]
	at net.fabricmc.loader.impl.launch.knot.Knot.launch(Knot.java:74) [fabric-loader-0.15.3.jar:?]
	at net.fabricmc.loader.impl.launch.knot.KnotClient.main(KnotClient.java:23) [fabric-loader-0.15.3.jar:?]
	at net.fabricmc.devlaunchinjector.Main.main(Main.java:86) [dev-launch-injector-0.2.1+build.8.jar:?]
Caused by: com.mojang.authlib.exceptions.MinecraftClientHttpException: Status: 401
	at com.mojang.authlib.minecraft.client.MinecraftClient.readInputStream(MinecraftClient.java:85) ~[authlib-3.11.49.jar:?]
	at com.mojang.authlib.minecraft.client.MinecraftClient.get(MinecraftClient.java:48) ~[authlib-3.11.49.jar:?]
	at com.mojang.authlib.yggdrasil.YggdrasilUserApiService.fetchProperties(YggdrasilUserApiService.java:129) ~[authlib-3.11.49.jar:?]
	... 10 more
[18:11:34] [Render thread/INFO] (Minecraft) Setting user: Player935
[18:11:35] [Worker-Main-16/INFO] (Mod Menu/Update Checker) Checking mod updates...
[18:11:35] [Render thread/INFO] (YetAnotherConfigLib) Saving LoginMessageConfig...
[18:11:35] [Render thread/INFO] (Indigo) [Indigo] Registering Indigo renderer!
[18:11:36] [Render thread/INFO] (Minecraft) Backend library: LWJGL version 3.3.2-snapshot
[18:11:39] [Worker-Main-17/ERROR] (Minecraft) Failed to retrieve profile key pair
java.io.IOException: Could not retrieve profile key pair
	at net.minecraft.client.util.ProfileKeys.fetchKeyPair(ProfileKeys.java:130) ~[minecraft-clientOnly-5c5ae3f4d8-1.19.2-net.fabricmc.yarn.1_19_2.1.19.2+build.28-v2.jar:?]
	at net.minecraft.client.util.ProfileKeys.method_44291(ProfileKeys.java:69) ~[minecraft-clientOnly-5c5ae3f4d8-1.19.2-net.fabricmc.yarn.1_19_2.1.19.2+build.28-v2.jar:?]
	at java.util.concurrent.CompletableFuture$AsyncSupply.run(CompletableFuture.java:1768) [?:?]
	at java.util.concurrent.CompletableFuture$AsyncSupply.exec(CompletableFuture.java:1760) [?:?]
	at java.util.concurrent.ForkJoinTask.doExec(ForkJoinTask.java:387) [?:?]
	at java.util.concurrent.ForkJoinPool$WorkQueue.topLevelExec(ForkJoinPool.java:1312) [?:?]
	at java.util.concurrent.ForkJoinPool.scan(ForkJoinPool.java:1843) [?:?]
	at java.util.concurrent.ForkJoinPool.runWorker(ForkJoinPool.java:1808) [?:?]
	at java.util.concurrent.ForkJoinWorkerThread.run(ForkJoinWorkerThread.java:188) [?:?]
[18:11:40] [Render thread/INFO] (Minecraft) Reloading ResourceManager: Default, Fabric Mods (Fabric Lifecycle Events (v1), Mod Menu, Fabric Textures (v0), Fabric Sound API (v1), Fabric API, Fabric Dimensions API (v1), Fabric Crash Report Info (v1), Fabric Recipe API (v1), Fabric Rendering (v1), Fabric Object Builder API (v1), Fabric Entity Events (v1), Fabric Screen Handler API (v1), Fabric Loot API (v2), Fabric Mining Level API (v1), Fabric Data Generation API (v1), Fabric Item Groups (v0), Fabric Particles (v1), Fabric Transitive Access Wideners (v1), Fabric API Lookup API (v1), Fabric API Base, Fabric Resource Conditions API (v1), Fabric Client Tags, Fabric Networking API (v1), Fabric Game Rule API (v1), Fabric Renderer - Indigo, Fabric Rendering Data Attachment (v1), Fabric Renderer API (v1), YetAnotherConfigLib, Fabric Biome API (v1), Fabric Key Binding API (v1), Fabric Convention Tags, Fabric Events Interaction (v0), Fabric Game Test API (v1), Fabric Content Registries (v0), Fabric BlockRenderLayer Registration (v1), Fabric Message API (v1), Fabric Screen API (v1), Fabric Item API (v1), Fabric Block API (v1), Fabric Transfer API (v1), Fabric Loader, Fabric Rendering Fluids (v1), Fabric Models (v0), Fabric Resource Loader (v0), Fabric Command API (v2), Fabric Registry Sync (v0))
[18:11:40] [Realms Notification Availability checker #1/INFO] (Minecraft) Could not authorize you against Realms server: Invalid session id
[18:11:42] [Render thread/WARN] (Minecraft) Missing sound for event: minecraft:item.goat_horn.play
[18:11:42] [Render thread/WARN] (Minecraft) Missing sound for event: minecraft:entity.goat.screaming.horn_break
[18:11:42] [Render thread/INFO] (Minecraft) OpenAL initialized on device OpenAL Soft on Speakers (Focusrite USB Audio)
[18:11:42] [Render thread/INFO] (Minecraft) Sound engine started
[18:11:42] [Render thread/INFO] (Minecraft) Created: 1024x1024x4 minecraft:textures/atlas/blocks.png-atlas
[18:11:42] [Render thread/INFO] (Minecraft) Created: 256x128x4 minecraft:textures/atlas/signs.png-atlas
[18:11:42] [Render thread/INFO] (Minecraft) Created: 1024x512x4 minecraft:textures/atlas/banner_patterns.png-atlas
[18:11:42] [Render thread/INFO] (Minecraft) Created: 1024x512x4 minecraft:textures/atlas/shield_patterns.png-atlas
[18:11:42] [Render thread/INFO] (Minecraft) Created: 256x256x4 minecraft:textures/atlas/chest.png-atlas
[18:11:42] [Render thread/INFO] (Minecraft) Created: 512x256x4 minecraft:textures/atlas/beds.png-atlas
[18:11:42] [Render thread/INFO] (Minecraft) Created: 512x256x4 minecraft:textures/atlas/shulker_boxes.png-atlas
[18:11:44] [Render thread/WARN] (Minecraft) Shader rendertype_entity_translucent_emissive could not find sampler named Sampler2 in the specified shader program.
[18:11:45] [Render thread/INFO] (Minecraft) Created: 512x256x0 minecraft:textures/atlas/particles.png-atlas
[18:11:45] [Render thread/INFO] (Minecraft) Created: 256x256x0 minecraft:textures/atlas/paintings.png-atlas
[18:11:45] [Render thread/INFO] (Minecraft) Created: 256x128x0 minecraft:textures/atlas/mob_effects.png-atlas
[18:11:51] [Render thread/WARN] (YetAnotherConfigLib) Adding list option as an option is not supported! Rerouting to group!
[18:11:51] [Render thread/WARN] (YetAnotherConfigLib) Adding list option as an option is not supported! Rerouting to group!
[18:11:51] [Render thread/INFO] (YetAnotherConfigLib) Generating YACL screen
[18:11:51] [Render thread/WARN] (Mod Menu | FabricMod) Warning! Mod loginmessage has a broken icon, loading default icon
[18:11:52] [Worker-Bootstrap-15/INFO] (Minecraft) 4283 Datafixer optimizations took 23805 milliseconds
[18:12:00] [Render thread/INFO] (Minecraft) Loaded 7 recipes
[18:12:01] [Render thread/INFO] (Minecraft) Loaded 1179 advancements
[18:12:06] [Render thread/INFO] (Minecraft) Loaded 7 recipes
[18:12:07] [Render thread/INFO] (Minecraft) Loaded 1179 advancements
[18:12:07] [Worker-Main-26/ERROR] (Minecraft) Failed to retrieve profile key pair
java.io.IOException: Could not retrieve profile key pair
	at net.minecraft.client.util.ProfileKeys.fetchKeyPair(ProfileKeys.java:130) ~[minecraft-clientOnly-5c5ae3f4d8-1.19.2-net.fabricmc.yarn.1_19_2.1.19.2+build.28-v2.jar:?]
	at net.minecraft.client.util.ProfileKeys.method_44291(ProfileKeys.java:69) ~[minecraft-clientOnly-5c5ae3f4d8-1.19.2-net.fabricmc.yarn.1_19_2.1.19.2+build.28-v2.jar:?]
	at java.util.concurrent.CompletableFuture$AsyncSupply.run(CompletableFuture.java:1768) [?:?]
	at java.util.concurrent.CompletableFuture$AsyncSupply.exec(CompletableFuture.java:1760) [?:?]
	at java.util.concurrent.ForkJoinTask.doExec(ForkJoinTask.java:387) [?:?]
	at java.util.concurrent.ForkJoinPool$WorkQueue.topLevelExec(ForkJoinPool.java:1312) [?:?]
	at java.util.concurrent.ForkJoinPool.scan(ForkJoinPool.java:1843) [?:?]
	at java.util.concurrent.ForkJoinPool.runWorker(ForkJoinPool.java:1808) [?:?]
	at java.util.concurrent.ForkJoinWorkerThread.run(ForkJoinWorkerThread.java:188) [?:?]
[18:12:07] [Render thread/INFO] (BiomeModificationImpl) Applied 0 biome modifications to 0 of 63 new biomes in 2.768 ms
[18:12:07] [Server thread/INFO] (Minecraft) Starting integrated minecraft server version 1.19.2
[18:12:07] [Server thread/INFO] (Minecraft) Generating keypair
[18:12:19] [Server thread/INFO] (Minecraft) Preparing start region for dimension minecraft:overworld
[18:12:19] [Render thread/INFO] (Minecraft) Preparing spawn area: 0%
[18:12:19] [Render thread/INFO] (Minecraft) Preparing spawn area: 0%
[18:12:20] [Render thread/INFO] (Minecraft) Preparing spawn area: 0%
[18:12:21] [Render thread/INFO] (Minecraft) Preparing spawn area: 0%
[18:12:21] [Render thread/INFO] (Minecraft) Preparing spawn area: 1%
[18:12:22] [Render thread/INFO] (Minecraft) Preparing spawn area: 2%
[18:12:22] [Render thread/INFO] (Minecraft) Preparing spawn area: 5%
[18:12:22] [Render thread/INFO] (Minecraft) Preparing spawn area: 8%
[18:12:23] [Render thread/INFO] (Minecraft) Preparing spawn area: 12%
[18:12:23] [Render thread/INFO] (Minecraft) Preparing spawn area: 15%
[18:12:24] [Render thread/INFO] (Minecraft) Preparing spawn area: 18%
[18:12:24] [Render thread/INFO] (Minecraft) Preparing spawn area: 22%
[18:12:25] [Render thread/INFO] (Minecraft) Preparing spawn area: 27%
[18:12:25] [Render thread/INFO] (Minecraft) Preparing spawn area: 32%
[18:12:26] [Render thread/INFO] (Minecraft) Preparing spawn area: 36%
[18:12:27] [Render thread/INFO] (Minecraft) Preparing spawn area: 41%
[18:12:27] [Render thread/INFO] (Minecraft) Preparing spawn area: 43%
[18:12:27] [Render thread/INFO] (Minecraft) Preparing spawn area: 50%
[18:12:28] [Render thread/INFO] (Minecraft) Preparing spawn area: 55%
[18:12:28] [Render thread/INFO] (Minecraft) Preparing spawn area: 58%
[18:12:29] [Render thread/INFO] (Minecraft) Preparing spawn area: 64%
[18:12:29] [Render thread/INFO] (Minecraft) Preparing spawn area: 69%
[18:12:30] [Render thread/INFO] (Minecraft) Preparing spawn area: 74%
[18:12:30] [Render thread/INFO] (Minecraft) Preparing spawn area: 80%
[18:12:31] [Render thread/INFO] (Minecraft) Preparing spawn area: 86%
[18:12:31] [Render thread/INFO] (Minecraft) Preparing spawn area: 91%
[18:12:32] [Render thread/INFO] (Minecraft) Preparing spawn area: 96%
[18:12:32] [Render thread/INFO] (Minecraft) Time elapsed: 13215 ms
[18:12:32] [Server thread/INFO] (Minecraft) Changing view distance to 12, from 10
[18:12:32] [Server thread/INFO] (Minecraft) Changing simulation distance to 12, from 0
[18:12:34] [Server thread/INFO] (Minecraft) Player935[local:E:855ce025] logged in with entity id 216 at (54.5, 74.0, -284.5)
[18:12:34] [Server thread/INFO] (Minecraft) Player935 joined the game
[18:12:34] [Render thread/INFO] (loginmessage) Server in the list: new.bronytales.com
[18:12:34] [Render thread/INFO] (loginmessage) Is singleplayer? - true
[18:12:34] [Render thread/INFO] (loginmessage) Joining the singleplayer world
[18:12:35] [Render thread/INFO] (Minecraft) Loaded 0 advancements
[18:12:53] [Server thread/INFO] (Minecraft) Saving and pausing game...
[18:12:53] [Server thread/INFO] (Minecraft) Saving chunks for level 'ServerLevel[New World]'/minecraft:overworld
[18:12:53] [Server thread/INFO] (Minecraft) Saving chunks for level 'ServerLevel[New World]'/minecraft:the_end
[18:12:53] [Server thread/INFO] (Minecraft) Saving chunks for level 'ServerLevel[New World]'/minecraft:the_nether
[18:12:55] [Server thread/INFO] (Minecraft) Saving and pausing game...
[18:12:55] [Server thread/INFO] (Minecraft) Saving chunks for level 'ServerLevel[New World]'/minecraft:overworld
[18:12:55] [Server thread/INFO] (Minecraft) Saving chunks for level 'ServerLevel[New World]'/minecraft:the_end
[18:12:55] [Server thread/INFO] (Minecraft) Saving chunks for level 'ServerLevel[New World]'/minecraft:the_nether
[18:13:01] [Server thread/INFO] (Minecraft) Saving and pausing game...
[18:13:01] [Server thread/INFO] (Minecraft) Saving chunks for level 'ServerLevel[New World]'/minecraft:overworld
[18:13:01] [Server thread/INFO] (Minecraft) Saving chunks for level 'ServerLevel[New World]'/minecraft:the_end
[18:13:01] [Server thread/INFO] (Minecraft) Saving chunks for level 'ServerLevel[New World]'/minecraft:the_nether
[18:13:03] [Server thread/INFO] (Minecraft) Player935 lost connection: Disconnected
[18:13:03] [Server thread/INFO] (Minecraft) Player935 left the game
[18:13:03] [Server thread/INFO] (Minecraft) Stopping singleplayer server as player logged out
[18:13:03] [Server thread/INFO] (Minecraft) Stopping server
[18:13:03] [Server thread/INFO] (Minecraft) Saving players
[18:13:03] [Server thread/INFO] (Minecraft) Saving worlds
[18:13:04] [Server thread/INFO] (Minecraft) Saving chunks for level 'ServerLevel[New World]'/minecraft:overworld
[18:13:04] [Server thread/INFO] (Minecraft) Saving chunks for level 'ServerLevel[New World]'/minecraft:the_end
[18:13:04] [Server thread/INFO] (Minecraft) Saving chunks for level 'ServerLevel[New World]'/minecraft:the_nether
[18:13:04] [Server thread/INFO] (Minecraft) ThreadedAnvilChunkStorage (New World): All chunks are saved
[18:13:04] [Server thread/INFO] (Minecraft) ThreadedAnvilChunkStorage (DIM1): All chunks are saved
[18:13:04] [Server thread/INFO] (Minecraft) ThreadedAnvilChunkStorage (DIM-1): All chunks are saved
[18:13:04] [Server thread/INFO] (Minecraft) ThreadedAnvilChunkStorage: All dimensions are saved
[18:13:08] [Render thread/WARN] (YetAnotherConfigLib) Adding list option as an option is not supported! Rerouting to group!
[18:13:08] [Render thread/WARN] (YetAnotherConfigLib) Adding list option as an option is not supported! Rerouting to group!
[18:13:08] [Render thread/INFO] (YetAnotherConfigLib) Generating YACL screen
[18:13:17] [Render thread/WARN] (YetAnotherConfigLib) Adding list option as an option is not supported! Rerouting to group!
[18:13:17] [Render thread/WARN] (YetAnotherConfigLib) Adding list option as an option is not supported! Rerouting to group!
[18:13:17] [Render thread/INFO] (YetAnotherConfigLib) Generating YACL screen
[18:13:31] [Render thread/WARN] (YetAnotherConfigLib) Adding list option as an option is not supported! Rerouting to group!
[18:13:31] [Render thread/WARN] (YetAnotherConfigLib) Adding list option as an option is not supported! Rerouting to group!
[18:13:31] [Render thread/INFO] (YetAnotherConfigLib) Generating YACL screen
[18:13:32] [Render thread/WARN] (YetAnotherConfigLib) Adding list option as an option is not supported! Rerouting to group!
[18:13:32] [Render thread/WARN] (YetAnotherConfigLib) Adding list option as an option is not supported! Rerouting to group!
[18:13:32] [Render thread/INFO] (YetAnotherConfigLib) Generating YACL screen
[18:13:38] [Render thread/INFO] (YetAnotherConfigLib) Saving LoginMessageConfig...
[18:13:43] [Render thread/INFO] (Minecraft) Loaded 7 recipes
[18:13:43] [Render thread/INFO] (Minecraft) Loaded 1179 advancements
[18:13:43] [Worker-Main-18/ERROR] (Minecraft) Failed to retrieve profile key pair
java.io.IOException: Could not retrieve profile key pair
	at net.minecraft.client.util.ProfileKeys.fetchKeyPair(ProfileKeys.java:130) ~[minecraft-clientOnly-5c5ae3f4d8-1.19.2-net.fabricmc.yarn.1_19_2.1.19.2+build.28-v2.jar:?]
	at net.minecraft.client.util.ProfileKeys.method_44291(ProfileKeys.java:69) ~[minecraft-clientOnly-5c5ae3f4d8-1.19.2-net.fabricmc.yarn.1_19_2.1.19.2+build.28-v2.jar:?]
	at java.util.concurrent.CompletableFuture$AsyncSupply.run(CompletableFuture.java:1768) [?:?]
	at java.util.concurrent.CompletableFuture$AsyncSupply.exec(CompletableFuture.java:1760) [?:?]
	at java.util.concurrent.ForkJoinTask.doExec(ForkJoinTask.java:387) [?:?]
	at java.util.concurrent.ForkJoinPool$WorkQueue.topLevelExec(ForkJoinPool.java:1312) [?:?]
	at java.util.concurrent.ForkJoinPool.scan(ForkJoinPool.java:1843) [?:?]
	at java.util.concurrent.ForkJoinPool.runWorker(ForkJoinPool.java:1808) [?:?]
	at java.util.concurrent.ForkJoinWorkerThread.run(ForkJoinWorkerThread.java:188) [?:?]
[18:13:44] [Render thread/INFO] (BiomeModificationImpl) Applied 0 biome modifications to 0 of 63 new biomes in 218.2 μs
[18:13:44] [Server thread/INFO] (Minecraft) Starting integrated minecraft server version 1.19.2
[18:13:44] [Server thread/INFO] (Minecraft) Generating keypair
[18:13:44] [Server thread/INFO] (Minecraft) Preparing start region for dimension minecraft:overworld
[18:13:45] [Render thread/INFO] (Minecraft) Preparing spawn area: 0%
[18:13:45] [Render thread/INFO] (Minecraft) Preparing spawn area: 0%
[18:13:45] [Render thread/INFO] (Minecraft) Preparing spawn area: 0%
[18:13:45] [Render thread/INFO] (Minecraft) Preparing spawn area: 0%
[18:13:46] [Render thread/INFO] (Minecraft) Preparing spawn area: 15%
[18:13:46] [Render thread/INFO] (Minecraft) Time elapsed: 2289 ms
[18:13:46] [Server thread/INFO] (Minecraft) Changing view distance to 12, from 10
[18:13:46] [Server thread/INFO] (Minecraft) Changing simulation distance to 12, from 0
[18:13:46] [Server thread/INFO] (Minecraft) Player935[local:E:3fe850bb] logged in with entity id 1004 at (69.03008670128828, 68.0, -283.6282963019722)
[18:13:46] [Server thread/INFO] (Minecraft) Player935 joined the game
[18:13:46] [Render thread/INFO] (loginmessage) Server in the list: new.bronytales.com
[18:13:46] [Render thread/INFO] (loginmessage) Is singleplayer? - true
[18:13:46] [Render thread/INFO] (loginmessage) Joining the singleplayer world
[18:13:46] [Render thread/INFO] (Minecraft) Loaded 0 advancements
[18:14:00] [Render thread/INFO] (Minecraft) [System] [CHAT] /me <action>
[18:14:00] [Render thread/INFO] (Minecraft) [System] [CHAT] /help [<command>]
[18:14:00] [Render thread/INFO] (Minecraft) [System] [CHAT] /list [uuids]
[18:14:00] [Render thread/INFO] (Minecraft) [System] [CHAT] /msg <targets> <message>
[18:14:00] [Render thread/INFO] (Minecraft) [System] [CHAT] /tell -> msg
[18:14:00] [Render thread/INFO] (Minecraft) [System] [CHAT] /w -> msg
[18:14:00] [Render thread/INFO] (Minecraft) [System] [CHAT] /seed
[18:14:00] [Render thread/INFO] (Minecraft) [System] [CHAT] /teammsg <message>
[18:14:00] [Render thread/INFO] (Minecraft) [System] [CHAT] /tm -> teammsg
[18:14:00] [Render thread/INFO] (Minecraft) [System] [CHAT] /trigger <objective> [add|set]
[18:14:00] [Render thread/INFO] (Minecraft) [System] [CHAT] /test (runthis|runthese|runfailed|run|runall|export|exportthis|import|pos|create|clearall)
[18:14:05] [Render thread/INFO] (Minecraft) [System] [CHAT] Unknown or incomplete command, see below for error
[18:14:05] [Render thread/INFO] (Minecraft) [System] [CHAT] mods<--[HERE]
[18:14:17] [Server thread/INFO] (Minecraft) Saving and pausing game...
[18:14:17] [Server thread/INFO] (Minecraft) Saving chunks for level 'ServerLevel[New World]'/minecraft:overworld
[18:14:17] [Server thread/INFO] (Minecraft) Saving chunks for level 'ServerLevel[New World]'/minecraft:the_end
[18:14:17] [Server thread/INFO] (Minecraft) Saving chunks for level 'ServerLevel[New World]'/minecraft:the_nether
[18:14:18] [Render thread/WARN] (YetAnotherConfigLib) Adding list option as an option is not supported! Rerouting to group!
[18:14:18] [Render thread/WARN] (YetAnotherConfigLib) Adding list option as an option is not supported! Rerouting to group!
[18:14:18] [Render thread/INFO] (YetAnotherConfigLib) Generating YACL screen
[18:14:23] [Render thread/WARN] (YetAnotherConfigLib) Adding list option as an option is not supported! Rerouting to group!
[18:14:23] [Render thread/WARN] (YetAnotherConfigLib) Adding list option as an option is not supported! Rerouting to group!
[18:14:23] [Render thread/INFO] (YetAnotherConfigLib) Generating YACL screen
[18:14:46] [Render thread/INFO] (YetAnotherConfigLib) Saving LoginMessageConfig...
[18:14:49] [Server thread/INFO] (Minecraft) Player935 lost connection: Disconnected
[18:14:49] [Server thread/INFO] (Minecraft) Player935 left the game
[18:14:49] [Server thread/INFO] (Minecraft) Stopping singleplayer server as player logged out
[18:14:49] [Server thread/INFO] (Minecraft) Stopping server
[18:14:49] [Server thread/INFO] (Minecraft) Saving players
[18:14:49] [Server thread/INFO] (Minecraft) Saving worlds
[18:14:49] [Server thread/INFO] (Minecraft) Saving chunks for level 'ServerLevel[New World]'/minecraft:overworld
[18:14:50] [Server thread/INFO] (Minecraft) Saving chunks for level 'ServerLevel[New World]'/minecraft:the_end
[18:14:50] [Server thread/INFO] (Minecraft) Saving chunks for level 'ServerLevel[New World]'/minecraft:the_nether
[18:14:50] [Server thread/INFO] (Minecraft) ThreadedAnvilChunkStorage (New World): All chunks are saved
[18:14:50] [Server thread/INFO] (Minecraft) ThreadedAnvilChunkStorage (DIM1): All chunks are saved
[18:14:50] [Server thread/INFO] (Minecraft) ThreadedAnvilChunkStorage (DIM-1): All chunks are saved
[18:14:50] [Server thread/INFO] (Minecraft) ThreadedAnvilChunkStorage: All dimensions are saved
[18:14:52] [Render thread/INFO] (Minecraft) Loaded 7 recipes
[18:14:52] [Render thread/INFO] (Minecraft) Loaded 1179 advancements
[18:14:53] [Worker-Main-25/ERROR] (Minecraft) Failed to retrieve profile key pair
java.io.IOException: Could not retrieve profile key pair
	at net.minecraft.client.util.ProfileKeys.fetchKeyPair(ProfileKeys.java:130) ~[minecraft-clientOnly-5c5ae3f4d8-1.19.2-net.fabricmc.yarn.1_19_2.1.19.2+build.28-v2.jar:?]
	at net.minecraft.client.util.ProfileKeys.method_44291(ProfileKeys.java:69) ~[minecraft-clientOnly-5c5ae3f4d8-1.19.2-net.fabricmc.yarn.1_19_2.1.19.2+build.28-v2.jar:?]
	at java.util.concurrent.CompletableFuture$AsyncSupply.run(CompletableFuture.java:1768) [?:?]
	at java.util.concurrent.CompletableFuture$AsyncSupply.exec(CompletableFuture.java:1760) [?:?]
	at java.util.concurrent.ForkJoinTask.doExec(ForkJoinTask.java:387) [?:?]
	at java.util.concurrent.ForkJoinPool$WorkQueue.topLevelExec(ForkJoinPool.java:1312) [?:?]
	at java.util.concurrent.ForkJoinPool.scan(ForkJoinPool.java:1843) [?:?]
	at java.util.concurrent.ForkJoinPool.runWorker(ForkJoinPool.java:1808) [?:?]
	at java.util.concurrent.ForkJoinWorkerThread.run(ForkJoinWorkerThread.java:188) [?:?]
[18:14:53] [Render thread/INFO] (BiomeModificationImpl) Applied 0 biome modifications to 0 of 63 new biomes in 179.3 μs
[18:14:53] [Server thread/INFO] (Minecraft) Starting integrated minecraft server version 1.19.2
[18:14:53] [Server thread/INFO] (Minecraft) Generating keypair
[18:14:53] [Server thread/INFO] (Minecraft) Preparing start region for dimension minecraft:overworld
[18:14:54] [Render thread/INFO] (Minecraft) Preparing spawn area: 0%
[18:14:54] [Render thread/INFO] (Minecraft) Preparing spawn area: 0%
[18:14:54] [Render thread/INFO] (Minecraft) Preparing spawn area: 0%
[18:14:54] [Render thread/INFO] (Minecraft) Preparing spawn area: 4%
[18:14:55] [Server thread/INFO] (Minecraft) Changing view distance to 12, from 10
[18:14:55] [Server thread/INFO] (Minecraft) Changing simulation distance to 12, from 0
[18:14:55] [Render thread/INFO] (Minecraft) Time elapsed: 1865 ms
[18:14:55] [Server thread/INFO] (Minecraft) Player935[local:E:8c8fea7b] logged in with entity id 1489 at (69.04023794131207, 68.0, -283.47919259061604)
[18:14:55] [Server thread/INFO] (Minecraft) Player935 joined the game
[18:14:55] [Render thread/INFO] (loginmessage) Server in the list: new.bronytales.com
[18:14:55] [Render thread/INFO] (loginmessage) Is singleplayer? - true
[18:14:55] [Render thread/INFO] (loginmessage) Joining the singleplayer world
[18:14:55] [Render thread/INFO] (Minecraft) Loaded 0 advancements
[18:14:56] [Server thread/INFO] (Minecraft) [Not Secure] <Player935> ok
[18:14:56] [Render thread/INFO] (Minecraft) [CHAT] <Player935> ok
[18:14:57] [Server thread/INFO] (Minecraft) [Not Secure] <Player935> hmm 
[18:14:57] [Render thread/INFO] (Minecraft) [CHAT] <Player935> hmm 
[18:15:01] [Server thread/INFO] (Minecraft) Saving and pausing game...
[18:15:01] [Server thread/INFO] (Minecraft) Saving chunks for level 'ServerLevel[New World]'/minecraft:overworld
[18:15:01] [Server thread/INFO] (Minecraft) Saving chunks for level 'ServerLevel[New World]'/minecraft:the_end
[18:15:01] [Server thread/INFO] (Minecraft) Saving chunks for level 'ServerLevel[New World]'/minecraft:the_nether
[18:15:03] [Server thread/INFO] (Minecraft) Player935 lost connection: Disconnected
[18:15:03] [Server thread/INFO] (Minecraft) Player935 left the game
[18:15:03] [Server thread/INFO] (Minecraft) Stopping singleplayer server as player logged out
[18:15:03] [Server thread/INFO] (Minecraft) Stopping server
[18:15:03] [Server thread/INFO] (Minecraft) Saving players
[18:15:03] [Server thread/INFO] (Minecraft) Saving worlds
[18:15:03] [Server thread/INFO] (Minecraft) Saving chunks for level 'ServerLevel[New World]'/minecraft:overworld
[18:15:04] [Server thread/INFO] (Minecraft) Saving chunks for level 'ServerLevel[New World]'/minecraft:the_end
[18:15:04] [Server thread/INFO] (Minecraft) Saving chunks for level 'ServerLevel[New World]'/minecraft:the_nether
[18:15:04] [Server thread/INFO] (Minecraft) ThreadedAnvilChunkStorage (New World): All chunks are saved
[18:15:04] [Server thread/INFO] (Minecraft) ThreadedAnvilChunkStorage (DIM1): All chunks are saved
[18:15:04] [Server thread/INFO] (Minecraft) ThreadedAnvilChunkStorage (DIM-1): All chunks are saved
[18:15:04] [Server thread/INFO] (Minecraft) ThreadedAnvilChunkStorage: All dimensions are saved
[18:15:05] [Render thread/INFO] (Minecraft) Stopping!
